#
# A fatal error has been detected by the Java Runtime Environment:
#
#  EXCEPTION_ACCESS_VIOLATION (0xc0000005) at pc=0x000000007148c100, pid=10944, tid=0x00000000000011dc
#
# JRE version: Java(TM) SE Runtime Environment (8.0_241-b07) (build 1.8.0_241-b07)
# Java VM: Java HotSpot(TM) 64-Bit Server VM (25.241-b07 mixed mode windows-amd64 compressed oops)
# Problematic frame:
# V  [jvm.dll+0x51c100]
#
# Failed to write core dump. Minidumps are not enabled by default on client versions of Windows
#
# If you would like to submit a bug report, please visit:
#   http://bugreport.java.com/bugreport/crash.jsp
#

---------------  T H R E A D  ---------------

Current thread (0x00000000171d8000):  JavaThread "C2 CompilerThread0" daemon [_thread_in_native, id=4572, stack(0x0000000017ca0000,0x0000000017da0000)]

siginfo: ExceptionCode=0xc0000005, reading address 0xffffffffffffffff

Registers:
RAX=0x00000000181880ad, RBX=0x0000000000000003, RCX=0x0000000000000008, RDX=0x0000000000000001
RSP=0x0000000017d9bf20, RBP=0x0000000017d9c020, RSI=0x0000000018187fb0, RDI=0x0000000017d9c400
R8 =0x000000001747dd40, R9 =0x000000000000b7c0, R10=0x000000000000037a, R11=0x0000000000000002
R12=0x007160b868000000, R13=0x0000000000000009, R14=0x00000000182b8560, R15=0x00000000182b8520
RIP=0x000000007148c100, EFLAGS=0x0000000000010206

Top of Stack: (sp=0x0000000017d9bf20)
0x0000000017d9bf20:   0000000017d9c400 0000000018188058
0x0000000017d9bf30:   0000000000000002 00000000181177c0
0x0000000017d9bf40:   00000000182b8560 00000000182b8520
0x0000000017d9bf50:   0000000000000001 0000000000000000
0x0000000017d9bf60:   00000000181177c0 0000001000000000
0x0000000017d9bf70:   0000000000000000 0000000000000007
0x0000000017d9bf80:   00000000173c57d0 0000000000000008
0x0000000017d9bf90:   00000000173c4bd0 00000001000000af
0x0000000017d9bfa0:   000000000000038a 0000000000000010
0x0000000017d9bfb0:   00000000173c3fd0 00000000000000af
0x0000000017d9bfc0:   0000000000000020 00000000173c3fd0
0x0000000017d9bfd0:   00000000000bf9d8 00000000173c1ea0
0x0000000017d9bfe0:   00000000173c9e88 00000000171e5590
0x0000000017d9bff0:   0000000000000000 0000000000000000
0x0000000017d9c000:   0000000000000000 0000000000000000
0x0000000017d9c010:   0000000000000000 0000000000058520 

Instructions: (pc=0x000000007148c100)
0x000000007148c0e0:   16 00 ba 89 02 00 00 e8 e4 c6 d5 ff e8 df d5 d7
0x000000007148c0f0:   ff 48 8b 4c 24 68 8b 55 78 4c 8b 87 28 01 00 00
0x000000007148c100:   49 63 44 24 28 49 63 34 80 85 f6 0f 84 74 01 00
0x000000007148c110:   00 48 8b 47 70 4c 8b 48 20 8b c6 48 6b c0 70 4a 


Register to memory mapping:

RAX=0x00000000181880ad is an unknown value
RBX=0x0000000000000003 is an unknown value
RCX=0x0000000000000008 is an unknown value
RDX=0x0000000000000001 is an unknown value
RSP=0x0000000017d9bf20 is pointing into the stack for thread: 0x00000000171d8000
RBP=0x0000000017d9c020 is pointing into the stack for thread: 0x00000000171d8000
RSI=0x0000000018187fb0 is an unknown value
RDI=0x0000000017d9c400 is pointing into the stack for thread: 0x00000000171d8000
R8 =0x000000001747dd40 is an unknown value
R9 =0x000000000000b7c0 is an unknown value
R10=0x000000000000037a is an unknown value
R11=0x0000000000000002 is an unknown value
R12=0x007160b868000000 is an unknown value
R13=0x0000000000000009 is an unknown value
R14=0x00000000182b8560 is an unknown value
R15=0x00000000182b8520 is an unknown value


Stack: [0x0000000017ca0000,0x0000000017da0000],  sp=0x0000000017d9bf20,  free space=1007k
Native frames: (J=compiled Java code, j=interpreted, Vv=VM code, C=native code)
V  [jvm.dll+0x51c100]
V  [jvm.dll+0x471493]
V  [jvm.dll+0x47c79b]
V  [jvm.dll+0x47f0a7]
V  [jvm.dll+0x4618a2]
V  [jvm.dll+0xa6a62]
V  [jvm.dll+0xa73af]
V  [jvm.dll+0x2467ef]
V  [jvm.dll+0x29fd2a]
C  [msvcr100.dll+0x21d9f]
C  [msvcr100.dll+0x21e3b]
C  [KERNEL32.DLL+0x17bd4]
C  [ntdll.dll+0x6ce51]


Current CompileTask:
C2:    847   87   !   4       com.codename1.impl.javase.ClassPathLoader::findClass (290 bytes)


---------------  P R O C E S S  ---------------

Java Threads: ( => current thread )
  0x0000000002c23800 JavaThread "DestroyJavaVM" [_thread_blocked, id=14364, stack(0x0000000002940000,0x0000000002a40000)]
  0x0000000018567000 JavaThread "Thread-4" [_thread_blocked, id=10144, stack(0x0000000018fa0000,0x00000000190a0000)]
  0x0000000018566800 JavaThread "AWT-EventQueue-0" [_thread_in_native, id=12196, stack(0x0000000018ea0000,0x0000000018fa0000)]
  0x0000000018515000 JavaThread "AWT-Windows" daemon [_thread_in_native, id=14312, stack(0x0000000018c10000,0x0000000018d10000)]
  0x0000000018514000 JavaThread "AWT-Shutdown" [_thread_blocked, id=14164, stack(0x0000000018b10000,0x0000000018c10000)]
  0x0000000018513800 JavaThread "Java2D Disposer" daemon [_thread_blocked, id=16348, stack(0x0000000018a10000,0x0000000018b10000)]
  0x0000000017298800 JavaThread "Service Thread" daemon [_thread_blocked, id=3596, stack(0x0000000017ea0000,0x0000000017fa0000)]
  0x0000000017270000 JavaThread "C1 CompilerThread1" daemon [_thread_blocked, id=16236, stack(0x0000000017da0000,0x0000000017ea0000)]
=>0x00000000171d8000 JavaThread "C2 CompilerThread0" daemon [_thread_in_native, id=4572, stack(0x0000000017ca0000,0x0000000017da0000)]
  0x00000000171d7000 JavaThread "Monitor Ctrl-Break" daemon [_thread_in_native, id=14808, stack(0x0000000017ba0000,0x0000000017ca0000)]
  0x0000000016869000 JavaThread "Attach Listener" daemon [_thread_blocked, id=12776, stack(0x0000000017aa0000,0x0000000017ba0000)]
  0x00000000171ad800 JavaThread "Signal Dispatcher" daemon [_thread_blocked, id=6996, stack(0x00000000179a0000,0x0000000017aa0000)]
  0x00000000171ab000 JavaThread "Surrogate Locker Thread (Concurrent GC)" daemon [_thread_blocked, id=10996, stack(0x00000000178a0000,0x00000000179a0000)]
  0x0000000017191000 JavaThread "Finalizer" daemon [_thread_blocked, id=16092, stack(0x0000000017670000,0x0000000017770000)]
  0x000000001685b800 JavaThread "Reference Handler" daemon [_thread_blocked, id=15480, stack(0x0000000017570000,0x0000000017670000)]

Other Threads:
  0x0000000016851800 VMThread [stack: 0x0000000017070000,0x0000000017170000] [id=16100]
  0x000000001729e800 WatcherThread [stack: 0x0000000017fa0000,0x00000000180a0000] [id=11816]

VM state:not at safepoint (normal execution)

VM Mutex/Monitor currently owned by a thread: None

heap address: 0x00000000a0e00000, size: 1522 MB, Compressed Oops mode: 32-bit
Narrow klass base: 0x0000000000000000, Narrow klass shift: 3
Compressed class space size: 1073741824 Address: 0x0000000100000000

Heap:
 par new generation   total 39296K, used 12690K [0x00000000a0e00000, 0x00000000a38a0000, 0x00000000b5ac0000)
  eden space 34944K,  36% used [0x00000000a0e00000, 0x00000000a1a649f8, 0x00000000a3020000)
  from space 4352K,   0% used [0x00000000a3020000, 0x00000000a3020000, 0x00000000a3460000)
  to   space 4352K,   0% used [0x00000000a3460000, 0x00000000a3460000, 0x00000000a38a0000)
 concurrent mark-sweep generation total 87424K, used 0K [0x00000000b5ac0000, 0x00000000bb020000, 0x0000000100000000)
 Metaspace       used 6094K, capacity 6378K, committed 6656K, reserved 1056768K
  class space    used 663K, capacity 742K, committed 768K, reserved 1048576K

Card table byte_map: [0x00000000124e0000,0x00000000127e0000] byte_map_base: 0x0000000011fd9000

Marking Bits: (CMSBitMap*) 0x0000000002c7b3e8
 Bits: [0x0000000012e80000, 0x0000000014115000)

Mod Union Table: (CMSBitMap*) 0x0000000002c7b4a8
 Bits: [0x0000000002b40000, 0x0000000002b8a540)

Polling page: 0x0000000000c80000

CodeCache: size=245760Kb used=1695Kb max_used=1695Kb free=244064Kb
 bounds [0x0000000002d20000, 0x0000000002f90000, 0x0000000011d20000]
 total_blobs=626 nmethods=288 adapters=251
 compilation: enabled

Compilation events (10 events):
Event: 0.756 Thread 0x0000000017270000  280       3       java.util.HashMap::afterNodeInsertion (1 bytes)
Event: 0.756 Thread 0x0000000017270000 nmethod 280 0x0000000002eb9190 code [0x0000000002eb92e0, 0x0000000002eb9430]
Event: 0.763 Thread 0x0000000017270000  281       3       java.util.HashMap::putVal (300 bytes)
Event: 0.764 Thread 0x0000000017270000 nmethod 281 0x0000000002ebf710 code [0x0000000002ebf980, 0x0000000002ec0c38]
Event: 0.765 Thread 0x0000000017270000  282       3       java.util.HashMap::put (13 bytes)
Event: 0.765 Thread 0x0000000017270000 nmethod 282 0x0000000002ec1510 code [0x0000000002ec16a0, 0x0000000002ec1a58]
Event: 0.769 Thread 0x0000000017270000  283       3       java.lang.ref.SoftReference::<init> (13 bytes)
Event: 0.769 Thread 0x0000000017270000 nmethod 283 0x0000000002ec2e50 code [0x0000000002ec2fc0, 0x0000000002ec32b0]
Event: 0.770 Thread 0x0000000017270000  284       1       java.lang.invoke.MethodTypeForm::basicType (5 bytes)
Event: 0.770 Thread 0x0000000017270000 nmethod 284 0x0000000002ec33d0 code [0x0000000002ec3520, 0x0000000002ec3630]

GC Heap History (0 events):
No events

Deoptimization events (3 events):
Event: 0.214 Thread 0x0000000002c23800 Uncommon trap: reason=unstable_if action=reinterpret pc=0x0000000002e4d4c0 method=java.util.zip.ZipFile$ZipFileInputStream.read([BII)I @ 122
Event: 0.215 Thread 0x0000000002c23800 Uncommon trap: reason=unstable_if action=reinterpret pc=0x0000000002e4c91c method=java.util.zip.ZipFile$ZipFileInputStream.read([BII)I @ 24
Event: 0.298 Thread 0x0000000002c23800 Uncommon trap: reason=unstable_if action=reinterpret pc=0x0000000002e4e398 method=java.util.zip.ZipFile$ZipFileInputStream.read([BII)I @ 46

Classes redefined (0 events):
No events

Internal exceptions (9 events):
Event: 0.047 Thread 0x0000000002c23800 Exception <a 'java/lang/NoSuchMethodError': Method sun.misc.Unsafe.defineClass(Ljava/lang/String;[BII)Ljava/lang/Class; name or signature does not match> (0x00000000a0e07cc0) thrown at [C:\ade\jenkins\workspace\8-2-build-windows-amd64-cygwin\jdk8u241\331\
Event: 0.047 Thread 0x0000000002c23800 Exception <a 'java/lang/NoSuchMethodError': Method sun.misc.Unsafe.prefetchRead(Ljava/lang/Object;J)V name or signature does not match> (0x00000000a0e07fa8) thrown at [C:\ade\jenkins\workspace\8-2-build-windows-amd64-cygwin\jdk8u241\331\hotspot\src\share\
Event: 0.160 Thread 0x0000000002c23800 Exception <a 'java/security/PrivilegedActionException'> (0x00000000a0f1cea0) thrown at [C:\ade\jenkins\workspace\8-2-build-windows-amd64-cygwin\jdk8u241\331\hotspot\src\share\vm\prims\jvm.cpp, line 1502]
Event: 0.160 Thread 0x0000000002c23800 Exception <a 'java/security/PrivilegedActionException'> (0x00000000a0f1d0b0) thrown at [C:\ade\jenkins\workspace\8-2-build-windows-amd64-cygwin\jdk8u241\331\hotspot\src\share\vm\prims\jvm.cpp, line 1502]
Event: 0.161 Thread 0x0000000002c23800 Exception <a 'java/security/PrivilegedActionException'> (0x00000000a0f211a8) thrown at [C:\ade\jenkins\workspace\8-2-build-windows-amd64-cygwin\jdk8u241\331\hotspot\src\share\vm\prims\jvm.cpp, line 1502]
Event: 0.161 Thread 0x0000000002c23800 Exception <a 'java/security/PrivilegedActionException'> (0x00000000a0f213b8) thrown at [C:\ade\jenkins\workspace\8-2-build-windows-amd64-cygwin\jdk8u241\331\hotspot\src\share\vm\prims\jvm.cpp, line 1502]
Event: 0.698 Thread 0x0000000002c23800 Exception <a 'java/io/FileNotFoundException'> (0x00000000a1486200) thrown at [C:\ade\jenkins\workspace\8-2-build-windows-amd64-cygwin\jdk8u241\331\hotspot\src\share\vm\prims\jni.cpp, line 710]
Event: 0.732 Thread 0x0000000002c23800 Exception <a 'java/lang/NoSuchFieldError': method resolution failed> (0x00000000a1667b50) thrown at [C:\ade\jenkins\workspace\8-2-build-windows-amd64-cygwin\jdk8u241\331\hotspot\src\share\vm\prims\methodHandles.cpp, line 1167]
Event: 0.733 Thread 0x0000000002c23800 Exception <a 'java/lang/NoSuchFieldError': method resolution failed> (0x00000000a1675b10) thrown at [C:\ade\jenkins\workspace\8-2-build-windows-amd64-cygwin\jdk8u241\331\hotspot\src\share\vm\prims\methodHandles.cpp, line 1167]

Events (10 events):
Event: 0.768 loading class sun/java2d/Disposer done
Event: 0.768 loading class sun/java2d/Disposer$1
Event: 0.768 loading class sun/java2d/Disposer$1 done
Event: 0.769 loading class sun/misc/ThreadGroupUtils
Event: 0.769 loading class sun/misc/ThreadGroupUtils done
Event: 0.769 Thread 0x0000000018513800 Thread added: 0x0000000018513800
Event: 0.769 loading class sun/awt/AWTAutoShutdown
Event: 0.769 loading class sun/awt/AWTAutoShutdown done
Event: 0.769 Thread 0x0000000018514000 Thread added: 0x0000000018514000
Event: 0.770 Thread 0x0000000018515000 Thread added: 0x0000000018515000


Dynamic libraries:
0x00007ff733040000 - 0x00007ff733077000 	C:\Program Files\Java\jdk1.8.0_241\bin\java.exe
0x00007ff9c75e0000 - 0x00007ff9c77d0000 	C:\WINDOWS\SYSTEM32\ntdll.dll
0x00007ff9c5f90000 - 0x00007ff9c6042000 	C:\WINDOWS\System32\KERNEL32.DLL
0x00007ff9c4610000 - 0x00007ff9c48b3000 	C:\WINDOWS\System32\KERNELBASE.dll
0x00007ff9c5af0000 - 0x00007ff9c5b93000 	C:\WINDOWS\System32\ADVAPI32.dll
0x00007ff9c67b0000 - 0x00007ff9c684e000 	C:\WINDOWS\System32\msvcrt.dll
0x00007ff9c5ce0000 - 0x00007ff9c5d77000 	C:\WINDOWS\System32\sechost.dll
0x00007ff9c6690000 - 0x00007ff9c67b0000 	C:\WINDOWS\System32\RPCRT4.dll
0x00007ff9c5700000 - 0x00007ff9c5894000 	C:\WINDOWS\System32\USER32.dll
0x00007ff9c54c0000 - 0x00007ff9c54e1000 	C:\WINDOWS\System32\win32u.dll
0x00007ff9c5e60000 - 0x00007ff9c5e86000 	C:\WINDOWS\System32\GDI32.dll
0x00007ff9c54f0000 - 0x00007ff9c5684000 	C:\WINDOWS\System32\gdi32full.dll
0x00007ff9c5190000 - 0x00007ff9c522e000 	C:\WINDOWS\System32\msvcp_win.dll
0x00007ff9c5330000 - 0x00007ff9c542a000 	C:\WINDOWS\System32\ucrtbase.dll
0x00007ff9c3980000 - 0x00007ff9c3c05000 	C:\WINDOWS\WinSxS\amd64_microsoft.windows.common-controls_6595b64144ccf1df_6.0.18362.778_none_e6c6b761130d4fb8\COMCTL32.dll
0x00007ff9c6050000 - 0x00007ff9c6386000 	C:\WINDOWS\System32\combase.dll
0x00007ff9c4590000 - 0x00007ff9c4610000 	C:\WINDOWS\System32\bcryptPrimitives.dll
0x00007ff9c6cd0000 - 0x00007ff9c6cfe000 	C:\WINDOWS\System32\IMM32.DLL
0x0000000071820000 - 0x00000000718f2000 	C:\Program Files\Java\jdk1.8.0_241\jre\bin\msvcr100.dll
0x0000000070f70000 - 0x000000007181c000 	C:\Program Files\Java\jdk1.8.0_241\jre\bin\server\jvm.dll
0x00007ff9c6cc0000 - 0x00007ff9c6cc8000 	C:\WINDOWS\System32\PSAPI.DLL
0x00007ff9b1030000 - 0x00007ff9b1039000 	C:\WINDOWS\SYSTEM32\WSOCK32.dll
0x00007ff9c1ec0000 - 0x00007ff9c1ee4000 	C:\WINDOWS\SYSTEM32\WINMM.dll
0x00007ff9c5690000 - 0x00007ff9c56ff000 	C:\WINDOWS\System32\WS2_32.dll
0x00007ff9bf9b0000 - 0x00007ff9bf9ba000 	C:\WINDOWS\SYSTEM32\VERSION.dll
0x00007ff9c1db0000 - 0x00007ff9c1ddd000 	C:\WINDOWS\SYSTEM32\WINMMBASE.dll
0x00007ff9c52e0000 - 0x00007ff9c532a000 	C:\WINDOWS\System32\cfgmgr32.dll
0x00007ff997770000 - 0x00007ff99777f000 	C:\Program Files\Java\jdk1.8.0_241\jre\bin\verify.dll
0x00007ff996fc0000 - 0x00007ff996fe9000 	C:\Program Files\Java\jdk1.8.0_241\jre\bin\java.dll
0x00007ff97bde0000 - 0x00007ff97be03000 	C:\Program Files\Java\jdk1.8.0_241\jre\bin\instrument.dll
0x00007ff98c650000 - 0x00007ff98c666000 	C:\Program Files\Java\jdk1.8.0_241\jre\bin\zip.dll
0x00007ff9c6eb0000 - 0x00007ff9c7595000 	C:\WINDOWS\System32\SHELL32.dll
0x00007ff9c5950000 - 0x00007ff9c59f9000 	C:\WINDOWS\System32\shcore.dll
0x00007ff9c4a10000 - 0x00007ff9c5190000 	C:\WINDOWS\System32\windows.storage.dll
0x00007ff9c4520000 - 0x00007ff9c4543000 	C:\WINDOWS\System32\profapi.dll
0x00007ff9c44d0000 - 0x00007ff9c451a000 	C:\WINDOWS\System32\powrprof.dll
0x00007ff9c44a0000 - 0x00007ff9c44b0000 	C:\WINDOWS\System32\UMPDC.dll
0x00007ff9c5e90000 - 0x00007ff9c5ee2000 	C:\WINDOWS\System32\shlwapi.dll
0x00007ff9c4550000 - 0x00007ff9c4561000 	C:\WINDOWS\System32\kernel.appcore.dll
0x00007ff9c4570000 - 0x00007ff9c4587000 	C:\WINDOWS\System32\cryptsp.dll
0x00007ff9ae5c0000 - 0x00007ff9ae5da000 	D:\Program Files\IntelliJ IDEA 2020.1\bin\breakgen64.dll
0x00007ff989060000 - 0x00007ff98907a000 	C:\Program Files\Java\jdk1.8.0_241\jre\bin\net.dll
0x00007ff9c3690000 - 0x00007ff9c36f7000 	C:\WINDOWS\system32\mswsock.dll
0x00007ff951130000 - 0x00007ff9512ca000 	C:\Program Files\Java\jdk1.8.0_241\jre\bin\awt.dll
0x00007ff9c6390000 - 0x00007ff9c6454000 	C:\WINDOWS\System32\OLEAUT32.dll
0x00007ff9c2190000 - 0x00007ff9c221f000 	C:\WINDOWS\SYSTEM32\apphelp.dll
0x00007ff9c2290000 - 0x00007ff9c2329000 	C:\WINDOWS\system32\uxtheme.dll
0x00007ff9c5ba0000 - 0x00007ff9c5cd6000 	C:\WINDOWS\System32\MSCTF.dll
0x00007ff9c6460000 - 0x00007ff9c65b7000 	C:\WINDOWS\System32\ole32.dll
0x00007ff9c40a0000 - 0x00007ff9c4294000 	C:\WINDOWS\SYSTEM32\dbghelp.dll

VM Arguments:
jvm_args: -Xms128m -Xmx1521m -XX:ReservedCodeCacheSize=240m -XX:+UseConcMarkSweepGC -XX:SoftRefLRUPolicyMSPerMB=50 -ea -XX:CICompilerCount=2 -Dsun.io.useCanonPrefixCache=false -Djdk.http.auth.tunneling.disabledSchemes="" -XX:+HeapDumpOnOutOfMemoryError -XX:-OmitStackTraceInFastThrow -Djdk.attach.allowAttachSelf=true -Dkotlinx.coroutines.debug=off -Djdk.module.illegalAccess.silent=true -javaagent:D:\Program Files\IntelliJ IDEA 2020.1\lib\idea_rt.jar=3300:D:\Program Files\IntelliJ IDEA 2020.1\bin -Dfile.encoding=UTF-8 
java_command: com.codename1.impl.javase.Simulator myapp.MyApplication
java_class_path (initial): C:/wamp64/www/PIDEVMOBILE\out\production\PIDEVMOBILE;C:/wamp64/www/PIDEVMOBILE\src;C:/wamp64/www/PIDEVMOBILE\lib\CodenameOne.jar;C:/wamp64/www/PIDEVMOBILE\JavaSE.jar;native/internal_tmp;lib/impl/cls;D:\Program Files\IntelliJ IDEA 2020.1\lib\idea_rt.jar
Launcher Type: SUN_STANDARD

Environment Variables:
PATH=C:\oraclexe\app\oracle\product\11.2.0\server\bin;c:\program files (x86)\common files\oracle\java\javapath;c:\windows\system32;c:\windows;c:\windows\system32\wbem;c:\windows\system32\windowspowershell\v1.0\;c:\program files\nodejs\;c:\windows\system32\openssh\;c:\program files\java\jdk-10.0.2\bin;C:\instantclient_12_2;C:\oraclexe\app\oracle\admin\XE;C:\oraclexe;C:\Program Files\TortoiseSVN\bin;C:\Program Files\NVIDIA Corporation\NVIDIA NvDLISR;C:\wamp64\bin\php\php5.6.40;C:\Program Files\dotnet\;C:\Program Files\Microsoft SQL Server\130\Tools\Binn\;C:\Program Files\Microsoft SQL Server\Client SDK\ODBC\170\Tools\Binn\;C:\Program Files\Microsoft SQL Server\Client SDK\ODBC\130\Tools\Binn\;C:\Program Files (x86)\Microsoft SQL Server\140\Tools\Binn\;C:\Program Files\Microsoft SQL Server\140\Tools\Binn\;C:\Program Files\Microsoft SQL Server\140\DTS\Binn\;C:\Program Files (x86)\Microsoft SQL Server\150\DTS\Binn\;C:\Program Files (x86)\NVIDIA Corporation\PhysX\Common;C:\WINDOWS\system32;C:\WINDOWS;C:\WINDOWS\System32\Wbem;C:\WINDOWS\System32\WindowsPowerShell\v1.0\;C:\WINDOWS\System32\OpenSSH\;C:\Program Files\Git\cmd;C:\Program Files (x86)\QuickTime\QTSystem\;C:\Users\ASUS_ROG\AppData\Local\Programs\Python\Python38-32\Scripts\;C:\Users\ASUS_ROG\AppData\Local\Programs\Python\Python38-32\;C:\Users\ASUS_ROG\AppData\Roaming\npm;C:\Users\ASUS_ROG\AppData\Local\Microsoft\WindowsApps;C:\Users\ASUS_ROG\AppData\Local\GitHubDesktop\bin;C:\Program Files\Java\jdk-10.0.2\bin;C:\Users\ASUS_ROG\AppData\Local\Programs\Microsoft VS Code\bin;C:\Users\ASUS_ROG\AppData\Local\Microsoft\WindowsApps;
USERNAME=ASUS_ROG
OS=Windows_NT
PROCESSOR_IDENTIFIER=Intel64 Family 6 Model 158 Stepping 9, GenuineIntel



---------------  S Y S T E M  ---------------

OS: Windows 10.0 , 64 bit Build 18362 (10.0.18362.778)

CPU:total 4 (initial active 4) (4 cores per cpu, 1 threads per core) family 6 model 158 stepping 9, cmov, cx8, fxsr, mmx, sse, sse2, sse3, ssse3, sse4.1, sse4.2, popcnt, avx, avx2, aes, clmul, erms, 3dnowpref, lzcnt, tsc, tscinvbit, bmi1, bmi2, adx

Memory: 4k page, physical 12461920k(5698212k free), swap 16263008k(4126860k free)

vm_info: Java HotSpot(TM) 64-Bit Server VM (25.241-b07) for windows-amd64 JRE (1.8.0_241-b07), built on Dec 11 2019 10:21:40 by "rejava" with MS VC++ 10.0 (VS2010)

time: Thu Apr 30 23:52:55 2020
timezone: Paris, Madrid
elapsed time: 0 seconds (0d 0h 0m 0s)

